[	Ann:Kill
]
[	Req:01:Conn:4C5BB3CA9C43
]
[	Req:02:Conn:4C5BB3CA9C47
]
[	Req:03:Conn:4C5BB3C9F98C
]
Received: 	Ann:Init:03
Initialization complete:
	Distance Sensor: True
	Bluetooth Controller: True
[	Req:04:Conn:4C5BB3CA9C43
]
[	Req:05:Conn:4C5BB3CA9C47
]
[	Req:06:Conn:4C5BB3C9F98C
]
Received: Disconnect reason: 0x3E
Received: 	Rsp:02:Conn:00000001
[	Req:07:Conn:4C5BB3CA9C47
]
Received: 	Ann:Disc:4C5BB3CA9C47
[	Req:08:Conn:4C5BB3CA9C47
]
Received: Procedure terminated with error 0x81 (0x0801) could not map connection handle to btc_connections
Received: Timeout connect: 0x20000958
Received: handle=0x0802
Received: 	Rsp:01:Conn:00000002
[	Req:09:Conn:4C5BB3CA9C43
]
Received: Timeout connect: 0x200009E8
Received: handle=0x0000
Received: 	Rsp:03:Conn:00000002
Received: Failed to disconnect: 0x02
Received: Timeout connect: 0x20000A30
[	Req:10:Conn:4C5BB3C9F98C
]
Received: handle=0x0802
Received: 	Rsp:04:Conn:00000002
Received: Failed to disconnect: 0x3A
[	Req:11:Conn:4C5BB3CA9C43
]
Received: 	Ann:Disc:4C5BB3CA9C43
[	Req:12:Conn:4C5BB3CA9C43
]
Received: Procedure terminated with error 0x81 (0x0802) state=0x04.
Received: Timeout connect: 0x200009A0
Received: handle=0x0000
Received: 	Rsp:07:Conn:00000002
Received: Failed to disconnect: 0x02
[	Req:13:Conn:4C5BB3CA9C47
]
Received: 	Rsp:0C:Conn:00000000
Received: Timeout connect: 0x20000958
Received: handle=0x0803
Received: 
Received: 	Ann:Door:T
Received: 	Ann:Door:F
Received: 
